<?xml version="1.0" encoding="UTF-8"?>
<testng-results total="1" passed="1" failed="0" skipped="0">
  <reporter-output>
  </reporter-output>
  <suite started-at="2021-11-23T04:56:57Z" name="Suite" finished-at="2021-11-23T04:57:13Z" duration-ms="16598">
    <groups>
    </groups>
    <test started-at="2021-11-23T04:56:57Z" name="Test" finished-at="2021-11-23T04:57:13Z" duration-ms="16598">
      <class name="testing.FirstClass">
        <test-method signature="firstClass()[pri:0, instance:testing.FirstClass@1672fe87]" started-at="2021-11-23T10:26:57Z" name="firstClass" finished-at="2021-11-23T10:27:13Z" duration-ms="16591" status="PASS">
          <reporter-output>
          </reporter-output>
        </test-method> <!-- firstClass -->
      </class> <!-- testing.FirstClass -->
    </test> <!-- Test -->
  </suite> <!-- Suite -->
</testng-results>
