<?xml version="1.0" encoding="UTF-8"?>
<testng-results ignored="0" total="1" passed="1" failed="0" skipped="0">
  <reporter-output>
  </reporter-output>
  <suite started-at="2021-11-23T10:23:14 IST" name="Suite" finished-at="2021-11-23T10:23:31 IST" duration-ms="16590">
    <groups>
    </groups>
    <test started-at="2021-11-23T10:23:14 IST" name="Test" finished-at="2021-11-23T10:23:31 IST" duration-ms="16590">
      <class name="testing.FirstClass">
        <test-method signature="firstClass()[pri:0, instance:testing.FirstClass@117159c0]" started-at="2021-11-23T10:23:14 IST" name="firstClass" finished-at="2021-11-23T10:23:31 IST" duration-ms="16559" status="PASS">
          <reporter-output>
          </reporter-output>
        </test-method> <!-- firstClass -->
      </class> <!-- testing.FirstClass -->
    </test> <!-- Test -->
  </suite> <!-- Suite -->
</testng-results>
